<?xml version="1.0" encoding="UTF-8"?>
<!-- Generated by org.testng.reporters.JUnitReportReporter -->
<testsuite hostname="LAPTOP-A8LVSE7A" failures="0" tests="4" name="com.taskmanagerplus.tests.LoginTest" time="10.913" errors="0" timestamp="2024-07-11T11:23:57 ADT" skipped="0">
  <testcase classname="com.taskmanagerplus.tests.LoginTest" name="testLoginWithInvalidCredentials" time="2.488"/>
  <testcase classname="com.taskmanagerplus.tests.LoginTest" name="testLoginWithShortCredentials" time="2.228"/>
  <testcase classname="com.taskmanagerplus.tests.LoginTest" name="testLogin" time="3.958"/>
  <testcase classname="com.taskmanagerplus.tests.LoginTest" name="testLoginWithEmptyCredentials" time="2.239"/>
</testsuite> <!-- com.taskmanagerplus.tests.LoginTest -->
