<?xml version="1.0" encoding="UTF-8"?>
<!-- Generated by org.testng.reporters.JUnitReportReporter -->
<testsuite hostname="LAPTOP-A8LVSE7A" failures="0" tests="1" name="com.taskmanagerplus.tests.LoginTest" time="4.106" errors="0" timestamp="2024-07-09T13:52:43 ADT" skipped="0">
  <testcase classname="com.taskmanagerplus.tests.LoginTest" name="testLogin" time="4.106"/>
</testsuite> <!-- com.taskmanagerplus.tests.LoginTest -->
