<?xml version="1.0" encoding="UTF-8"?>
<!-- Generated by org.testng.reporters.JUnitReportReporter -->
<testsuite hostname="LAPTOP-A8LVSE7A" failures="0" tests="1" name="com.taskmanagerplus.tests.LoginTest" time="8.458" errors="0" timestamp="2024-07-10T12:48:07 ADT" skipped="0">
  <testcase classname="com.taskmanagerplus.tests.LoginTest" name="testLogin" time="8.458"/>
</testsuite> <!-- com.taskmanagerplus.tests.LoginTest -->
